[INFO] Scanning for projects...
[INFO] 
[INFO] -------------------< com.alzheimer:session-service >--------------------
[INFO] Building session-service 0.0.1-SNAPSHOT
[INFO]   from pom.xml
[INFO] --------------------------------[ jar ]---------------------------------
[INFO] 
[INFO] >>> spring-boot:4.0.2:run (default-cli) > test-compile @ session-service >>>
[INFO] 
[INFO] --- resources:3.3.1:resources (default-resources) @ session-service ---
[INFO] Copying 1 resource from src\main\resources to target\classes
[INFO] Copying 0 resource from src\main\resources to target\classes
[INFO] 
[INFO] --- compiler:3.14.1:compile (default-compile) @ session-service ---
[INFO] Nothing to compile - all classes are up to date.
[INFO] 
[INFO] --- resources:3.3.1:testResources (default-testResources) @ session-service ---
[INFO] skip non existing resourceDirectory C:\FakarniApp\backend\session-service\src\test\resources
[INFO] 
[INFO] --- compiler:3.14.1:testCompile (default-testCompile) @ session-service ---
[INFO] Nothing to compile - all classes are up to date.
[INFO] 
[INFO] <<< spring-boot:4.0.2:run (default-cli) < test-compile @ session-service <<<
[INFO] 
[INFO] 
[INFO] --- spring-boot:4.0.2:run (default-cli) @ session-service ---
[INFO] Attaching agents: []

  .   ____          _            __ _ _
 /\\ / ___'_ __ _ _(_)_ __  __ _ \ \ \ \
( ( )\___ | '_ | '_| | '_ \/ _` | \ \ \ \
 \\/  ___)| |_)| | | | | || (_| |  ) ) ) )
  '  |____| .__|_| |_|_| |_\__, | / / / /
 =========|_|==============|___/=/_/_/_/

 :: Spring Boot ::                (v4.0.2)

2026-03-26T13:04:00.220+01:00  INFO 21652 --- [session-service] [  restartedMain] c.a.s.SessionServiceApplication          : Starting SessionServiceApplication using Java 21.0.1 with PID 21652 (C:\FakarniApp\backend\session-service\target\classes started by HP in C:\FakarniApp\backend\session-service)
2026-03-26T13:04:00.228+01:00 DEBUG 21652 --- [session-service] [  restartedMain] c.a.s.SessionServiceApplication          : Running with Spring Boot v4.0.2, Spring v7.0.3
2026-03-26T13:04:00.230+01:00  INFO 21652 --- [session-service] [  restartedMain] c.a.s.SessionServiceApplication          : No active profile set, falling back to 1 default profile: "default"
2026-03-26T13:04:00.231+01:00 DEBUG 21652 --- [session-service] [  restartedMain] o.s.boot.SpringApplication               : Loading source class com.alzheimer.session_service.SessionServiceApplication
2026-03-26T13:04:00.325+01:00 DEBUG 21652 --- [session-service] [  restartedMain] o.s.b.devtools.restart.ChangeableUrls    : Matching URLs for reloading : [file:/C:/FakarniApp/backend/session-service/target/classes/]
2026-03-26T13:04:00.327+01:00 DEBUG 21652 --- [session-service] [  restartedMain] o.s.b.d.settings.DevToolsSettings        : Included patterns for restart : []
2026-03-26T13:04:00.327+01:00 DEBUG 21652 --- [session-service] [  restartedMain] o.s.b.d.settings.DevToolsSettings        : Excluded patterns for restart : [/spring-boot-starter-[\w-]+/, /spring-boot/(bin|build|out)/, /spring-boot-starter/(bin|build|out)/, /spring-boot-devtools/(bin|build|out)/, /spring-boot-actuator/(bin|build|out)/, /spring-boot-autoconfigure/(bin|build|out)/]
2026-03-26T13:04:00.327+01:00  INFO 21652 --- [session-service] [  restartedMain] .e.DevToolsPropertyDefaultsPostProcessor : Devtools property defaults active! Set 'spring.devtools.add-properties' to 'false' to disable
2026-03-26T13:04:00.328+01:00  INFO 21652 --- [session-service] [  restartedMain] .e.DevToolsPropertyDefaultsPostProcessor : For additional web related logging consider setting the 'logging.level.web' property to 'DEBUG'
2026-03-26T13:04:00.329+01:00 DEBUG 21652 --- [session-service] [  restartedMain] ConfigServletWebServerApplicationContext : Refreshing org.springframework.boot.web.server.servlet.context.AnnotationConfigServletWebServerApplicationContext@736027a7
2026-03-26T13:04:02.076+01:00  INFO 21652 --- [session-service] [  restartedMain] .s.d.r.c.RepositoryConfigurationDelegate : Bootstrapping Spring Data JPA repositories in DEFAULT mode.
2026-03-26T13:04:02.100+01:00 DEBUG 21652 --- [session-service] [  restartedMain] o.s.b.a.AutoConfigurationPackages        : @EnableAutoConfiguration was declared on a class in the package 'com.alzheimer.session_service'. Automatic @Repository and @Entity scanning is enabled.
2026-03-26T13:04:02.256+01:00  INFO 21652 --- [session-service] [  restartedMain] .s.d.r.c.RepositoryConfigurationDelegate : Finished Spring Data repository scanning in 170 ms. Found 3 JPA repository interfaces.
2026-03-26T13:04:02.733+01:00  INFO 21652 --- [session-service] [  restartedMain] o.s.cloud.context.scope.GenericScope     : BeanFactory id=1d8e4b62-9a53-3ea8-8ea9-c9af05ddf664
2026-03-26T13:04:03.139+01:00 DEBUG 21652 --- [session-service] [  restartedMain] o.s.b.t.s.TomcatServletWebServerFactory  : Code archive: C:\Users\HP\.m2\repository\org\springframework\boot\spring-boot-web-server\4.0.2\spring-boot-web-server-4.0.2.jar
2026-03-26T13:04:03.139+01:00 DEBUG 21652 --- [session-service] [  restartedMain] o.s.b.t.s.TomcatServletWebServerFactory  : Code archive: C:\Users\HP\.m2\repository\org\springframework\boot\spring-boot-web-server\4.0.2\spring-boot-web-server-4.0.2.jar
2026-03-26T13:04:03.140+01:00 DEBUG 21652 --- [session-service] [  restartedMain] o.s.b.t.s.TomcatServletWebServerFactory  : None of the document roots [src/main/webapp, public, static] point to a directory and will be ignored.
2026-03-26T13:04:03.267+01:00  INFO 21652 --- [session-service] [  restartedMain] o.s.boot.tomcat.TomcatWebServer          : Tomcat initialized with port 8085 (http)
2026-03-26T13:04:03.284+01:00  INFO 21652 --- [session-service] [  restartedMain] o.apache.catalina.core.StandardService   : Starting service [Tomcat]
2026-03-26T13:04:03.284+01:00  INFO 21652 --- [session-service] [  restartedMain] o.apache.catalina.core.StandardEngine    : Starting Servlet engine: [Apache Tomcat/11.0.15]
2026-03-26T13:04:03.342+01:00 DEBUG 21652 --- [session-service] [  restartedMain] b.w.c.s.WebApplicationContextInitializer : Published root WebApplicationContext as ServletContext attribute with name [org.springframework.web.context.WebApplicationContext.ROOT]
2026-03-26T13:04:03.343+01:00  INFO 21652 --- [session-service] [  restartedMain] b.w.c.s.WebApplicationContextInitializer : Root WebApplicationContext: initialization completed in 3014 ms
2026-03-26T13:04:03.513+01:00 DEBUG 21652 --- [session-service] [  restartedMain] o.s.b.w.s.ServletContextInitializerBeans : Mapping filters: webMvcObservationFilter urls=[/*] order=-2147483647, springSecurityFilterChain urls=[/*] order=-100, characterEncodingFilter urls=[/*] order=-2147483648, formContentFilter urls=[/*] order=-9900, requestContextFilter urls=[/*] order=-105
2026-03-26T13:04:03.514+01:00 DEBUG 21652 --- [session-service] [  restartedMain] o.s.b.w.s.ServletContextInitializerBeans : Mapping servlets: dispatcherServlet urls=[/]
2026-03-26T13:04:03.539+01:00 DEBUG 21652 --- [session-service] [  restartedMain] o.s.b.s.f.OrderedRequestContextFilter    : Filter 'requestContextFilter' configured for use
2026-03-26T13:04:03.542+01:00 DEBUG 21652 --- [session-service] [  restartedMain] o.s.w.f.ServerHttpObservationFilter      : Filter 'webMvcObservationFilter' configured for use
2026-03-26T13:04:03.542+01:00 DEBUG 21652 --- [session-service] [  restartedMain] o.s.b.s.f.OrderedCharacterEncodingFilter : Filter 'characterEncodingFilter' configured for use
2026-03-26T13:04:03.542+01:00 DEBUG 21652 --- [session-service] [  restartedMain] .DelegatingFilterProxyRegistrationBean$1 : Filter 'springSecurityFilterChain' configured for use
2026-03-26T13:04:03.543+01:00 DEBUG 21652 --- [session-service] [  restartedMain] o.s.b.s.filter.OrderedFormContentFilter  : Filter 'formContentFilter' configured for use
2026-03-26T13:04:03.642+01:00  INFO 21652 --- [session-service] [  restartedMain] org.hibernate.orm.jpa                    : HHH008540: Processing PersistenceUnitInfo [name: default]
2026-03-26T13:04:03.692+01:00  INFO 21652 --- [session-service] [  restartedMain] org.hibernate.orm.core                   : HHH000001: Hibernate ORM core version 7.2.1.Final
